2017-05-23 08:42:29 Notice: Notice (8): Use of undefined constant BASE_URL - assumed 'BASE_URL' in [E:\CAKE PROJECT\Shop-Listing\app\src\Template\Layout\back_end.ctp, line 101]
Request URL: /admin/users
Referer URL: http://localhost:8765/admin/users/login
Trace:
Cake\Error\BaseErrorHandler::handleError() - CORE\src\Error\BaseErrorHandler.php, line 153
include - APP/Template\Layout\back_end.ctp, line 101
Cake\View\View::_evaluate() - CORE\src\View\View.php, line 1011
Cake\View\View::_render() - CORE\src\View\View.php, line 972
Cake\View\View::renderLayout() - CORE\src\View\View.php, line 643
Cake\View\View::render() - CORE\src\View\View.php, line 601
Cake\Controller\Controller::render() - CORE\src\Controller\Controller.php, line 623
Cake\Http\ActionDispatcher::_invoke() - CORE\src\Http\ActionDispatcher.php, line 125
Cake\Http\ActionDispatcher::dispatch() - CORE\src\Http\ActionDispatcher.php, line 93
Cake\Http\BaseApplication::__invoke() - CORE\src\Http\BaseApplication.php, line 78
Cake\Http\Runner::__invoke() - CORE\src\Http\Runner.php, line 65
Cake\Routing\Middleware\RoutingMiddleware::__invoke() - CORE\src\Routing\Middleware\RoutingMiddleware.php, line 59
Cake\Http\Runner::__invoke() - CORE\src\Http\Runner.php, line 65
Cake\Routing\Middleware\AssetMiddleware::__invoke() - CORE\src\Routing\Middleware\AssetMiddleware.php, line 88
Cake\Http\Runner::__invoke() - CORE\src\Http\Runner.php, line 65
Cake\Error\Middleware\ErrorHandlerMiddleware::__invoke() - CORE\src\Error\Middleware\ErrorHandlerMiddleware.php, line 92
Cake\Http\Runner::__invoke() - CORE\src\Http\Runner.php, line 65
Cake\Http\Runner::run() - CORE\src\Http\Runner.php, line 51
Cake\Http\Server::run() - CORE\src\Http\Server.php, line 80
[main] - ROOT\webroot\index.php, line 37



2017-05-23 08:42:38 Notice: Notice (8): Use of undefined constant BASE_URL - assumed 'BASE_URL' in [E:\CAKE PROJECT\Shop-Listing\app\src\Template\Layout\back_end.ctp, line 101]
Request URL: /admin/users
Trace:
Cake\Error\BaseErrorHandler::handleError() - CORE\src\Error\BaseErrorHandler.php, line 153
include - APP/Template\Layout\back_end.ctp, line 101
Cake\View\View::_evaluate() - CORE\src\View\View.php, line 1011
Cake\View\View::_render() - CORE\src\View\View.php, line 972
Cake\View\View::renderLayout() - CORE\src\View\View.php, line 643
Cake\View\View::render() - CORE\src\View\View.php, line 601
Cake\Controller\Controller::render() - CORE\src\Controller\Controller.php, line 623
Cake\Http\ActionDispatcher::_invoke() - CORE\src\Http\ActionDispatcher.php, line 125
Cake\Http\ActionDispatcher::dispatch() - CORE\src\Http\ActionDispatcher.php, line 93
Cake\Http\BaseApplication::__invoke() - CORE\src\Http\BaseApplication.php, line 78
Cake\Http\Runner::__invoke() - CORE\src\Http\Runner.php, line 65
Cake\Routing\Middleware\RoutingMiddleware::__invoke() - CORE\src\Routing\Middleware\RoutingMiddleware.php, line 59
Cake\Http\Runner::__invoke() - CORE\src\Http\Runner.php, line 65
Cake\Routing\Middleware\AssetMiddleware::__invoke() - CORE\src\Routing\Middleware\AssetMiddleware.php, line 88
Cake\Http\Runner::__invoke() - CORE\src\Http\Runner.php, line 65
Cake\Error\Middleware\ErrorHandlerMiddleware::__invoke() - CORE\src\Error\Middleware\ErrorHandlerMiddleware.php, line 92
Cake\Http\Runner::__invoke() - CORE\src\Http\Runner.php, line 65
Cake\Http\Runner::run() - CORE\src\Http\Runner.php, line 51
Cake\Http\Server::run() - CORE\src\Http\Server.php, line 80
[main] - ROOT\webroot\index.php, line 37



2017-05-23 08:43:35 Notice: Notice (8): Use of undefined constant BASE_URL - assumed 'BASE_URL' in [E:\CAKE PROJECT\Shop-Listing\app\src\Template\Layout\back_end.ctp, line 101]
Request URL: /admin/users
Referer URL: http://localhost:8765/admin/users/login?redirect=%2Fadmin%2Fusers%2Flogout
Trace:
Cake\Error\BaseErrorHandler::handleError() - CORE\src\Error\BaseErrorHandler.php, line 153
include - APP/Template\Layout\back_end.ctp, line 101
Cake\View\View::_evaluate() - CORE\src\View\View.php, line 1011
Cake\View\View::_render() - CORE\src\View\View.php, line 972
Cake\View\View::renderLayout() - CORE\src\View\View.php, line 643
Cake\View\View::render() - CORE\src\View\View.php, line 601
Cake\Controller\Controller::render() - CORE\src\Controller\Controller.php, line 623
Cake\Http\ActionDispatcher::_invoke() - CORE\src\Http\ActionDispatcher.php, line 125
Cake\Http\ActionDispatcher::dispatch() - CORE\src\Http\ActionDispatcher.php, line 93
Cake\Http\BaseApplication::__invoke() - CORE\src\Http\BaseApplication.php, line 78
Cake\Http\Runner::__invoke() - CORE\src\Http\Runner.php, line 65
Cake\Routing\Middleware\RoutingMiddleware::__invoke() - CORE\src\Routing\Middleware\RoutingMiddleware.php, line 59
Cake\Http\Runner::__invoke() - CORE\src\Http\Runner.php, line 65
Cake\Routing\Middleware\AssetMiddleware::__invoke() - CORE\src\Routing\Middleware\AssetMiddleware.php, line 88
Cake\Http\Runner::__invoke() - CORE\src\Http\Runner.php, line 65
Cake\Error\Middleware\ErrorHandlerMiddleware::__invoke() - CORE\src\Error\Middleware\ErrorHandlerMiddleware.php, line 92
Cake\Http\Runner::__invoke() - CORE\src\Http\Runner.php, line 65
Cake\Http\Runner::run() - CORE\src\Http\Runner.php, line 51
Cake\Http\Server::run() - CORE\src\Http\Server.php, line 80
[main] - ROOT\webroot\index.php, line 37



2017-05-23 09:44:05 Notice: Notice (8): Use of undefined constant BASE_URL - assumed 'BASE_URL' in [E:\CAKE PROJECT\Shop-Listing\app\src\Template\Layout\back_end.ctp, line 101]
Request URL: /admin/users
Referer URL: http://localhost:8765/admin/users/login?redirect=%2Fadmin%2Fusers
Trace:
Cake\Error\BaseErrorHandler::handleError() - CORE\src\Error\BaseErrorHandler.php, line 153
include - APP/Template\Layout\back_end.ctp, line 101
Cake\View\View::_evaluate() - CORE\src\View\View.php, line 1011
Cake\View\View::_render() - CORE\src\View\View.php, line 972
Cake\View\View::renderLayout() - CORE\src\View\View.php, line 643
Cake\View\View::render() - CORE\src\View\View.php, line 601
Cake\Controller\Controller::render() - CORE\src\Controller\Controller.php, line 623
Cake\Http\ActionDispatcher::_invoke() - CORE\src\Http\ActionDispatcher.php, line 125
Cake\Http\ActionDispatcher::dispatch() - CORE\src\Http\ActionDispatcher.php, line 93
Cake\Http\BaseApplication::__invoke() - CORE\src\Http\BaseApplication.php, line 78
Cake\Http\Runner::__invoke() - CORE\src\Http\Runner.php, line 65
Cake\Routing\Middleware\RoutingMiddleware::__invoke() - CORE\src\Routing\Middleware\RoutingMiddleware.php, line 59
Cake\Http\Runner::__invoke() - CORE\src\Http\Runner.php, line 65
Cake\Routing\Middleware\AssetMiddleware::__invoke() - CORE\src\Routing\Middleware\AssetMiddleware.php, line 88
Cake\Http\Runner::__invoke() - CORE\src\Http\Runner.php, line 65
Cake\Error\Middleware\ErrorHandlerMiddleware::__invoke() - CORE\src\Error\Middleware\ErrorHandlerMiddleware.php, line 92
Cake\Http\Runner::__invoke() - CORE\src\Http\Runner.php, line 65
Cake\Http\Runner::run() - CORE\src\Http\Runner.php, line 51
Cake\Http\Server::run() - CORE\src\Http\Server.php, line 80
[main] - ROOT\webroot\index.php, line 37



2017-05-23 09:45:21 Notice: Notice (8): Use of undefined constant BASE_URL - assumed 'BASE_URL' in [E:\CAKE PROJECT\Shop-Listing\app\src\Template\Layout\back_end.ctp, line 101]
Request URL: /admin/users
Referer URL: http://localhost:8765/admin/users/login?redirect=%2Fadmin%2Fusers
Trace:
Cake\Error\BaseErrorHandler::handleError() - CORE\src\Error\BaseErrorHandler.php, line 153
include - APP/Template\Layout\back_end.ctp, line 101
Cake\View\View::_evaluate() - CORE\src\View\View.php, line 1011
Cake\View\View::_render() - CORE\src\View\View.php, line 972
Cake\View\View::renderLayout() - CORE\src\View\View.php, line 643
Cake\View\View::render() - CORE\src\View\View.php, line 601
Cake\Controller\Controller::render() - CORE\src\Controller\Controller.php, line 623
Cake\Http\ActionDispatcher::_invoke() - CORE\src\Http\ActionDispatcher.php, line 125
Cake\Http\ActionDispatcher::dispatch() - CORE\src\Http\ActionDispatcher.php, line 93
Cake\Http\BaseApplication::__invoke() - CORE\src\Http\BaseApplication.php, line 78
Cake\Http\Runner::__invoke() - CORE\src\Http\Runner.php, line 65
Cake\Routing\Middleware\RoutingMiddleware::__invoke() - CORE\src\Routing\Middleware\RoutingMiddleware.php, line 59
Cake\Http\Runner::__invoke() - CORE\src\Http\Runner.php, line 65
Cake\Routing\Middleware\AssetMiddleware::__invoke() - CORE\src\Routing\Middleware\AssetMiddleware.php, line 88
Cake\Http\Runner::__invoke() - CORE\src\Http\Runner.php, line 65
Cake\Error\Middleware\ErrorHandlerMiddleware::__invoke() - CORE\src\Error\Middleware\ErrorHandlerMiddleware.php, line 92
Cake\Http\Runner::__invoke() - CORE\src\Http\Runner.php, line 65
Cake\Http\Runner::run() - CORE\src\Http\Runner.php, line 51
Cake\Http\Server::run() - CORE\src\Http\Server.php, line 80
[main] - ROOT\webroot\index.php, line 37



2017-05-23 09:48:16 Notice: Deprecated (16384): SessionHelper has been deprecated. Use request->session() instead. in [E:\CAKE PROJECT\Shop-Listing\app\vendor\cakephp\cakephp\src\View\Helper\SessionHelper.php, line 39]
Request URL: /admin/users
Referer URL: http://localhost:8765/admin/users/login
Trace:
Cake\Error\BaseErrorHandler::handleError() - CORE\src\Error\BaseErrorHandler.php, line 153
Cake\View\Helper\SessionHelper::__construct() - CORE\src\View\Helper\SessionHelper.php, line 39
Cake\View\HelperRegistry::_create() - CORE\src\View\HelperRegistry.php, line 145
Cake\Core\ObjectRegistry::load() - CORE\src\Core\ObjectRegistry.php, line 93
Cake\View\HelperRegistry::__isset() - CORE\src\View\HelperRegistry.php, line 67
Cake\View\View::__get() - CORE\src\View\View.php, line 904
include - APP/Template\Layout\back_end.ctp, line 26
Cake\View\View::_evaluate() - CORE\src\View\View.php, line 1011
Cake\View\View::_render() - CORE\src\View\View.php, line 972
Cake\View\View::renderLayout() - CORE\src\View\View.php, line 643
Cake\View\View::render() - CORE\src\View\View.php, line 601
Cake\Controller\Controller::render() - CORE\src\Controller\Controller.php, line 623
Cake\Http\ActionDispatcher::_invoke() - CORE\src\Http\ActionDispatcher.php, line 125
Cake\Http\ActionDispatcher::dispatch() - CORE\src\Http\ActionDispatcher.php, line 93
Cake\Http\BaseApplication::__invoke() - CORE\src\Http\BaseApplication.php, line 78
Cake\Http\Runner::__invoke() - CORE\src\Http\Runner.php, line 65
Cake\Routing\Middleware\RoutingMiddleware::__invoke() - CORE\src\Routing\Middleware\RoutingMiddleware.php, line 59
Cake\Http\Runner::__invoke() - CORE\src\Http\Runner.php, line 65
Cake\Routing\Middleware\AssetMiddleware::__invoke() - CORE\src\Routing\Middleware\AssetMiddleware.php, line 88
Cake\Http\Runner::__invoke() - CORE\src\Http\Runner.php, line 65
Cake\Error\Middleware\ErrorHandlerMiddleware::__invoke() - CORE\src\Error\Middleware\ErrorHandlerMiddleware.php, line 92
Cake\Http\Runner::__invoke() - CORE\src\Http\Runner.php, line 65
Cake\Http\Runner::run() - CORE\src\Http\Runner.php, line 51
Cake\Http\Server::run() - CORE\src\Http\Server.php, line 80
[main] - ROOT\webroot\index.php, line 37



2017-05-23 09:48:16 Notice: Notice (8): Use of undefined constant BASE_URL - assumed 'BASE_URL' in [E:\CAKE PROJECT\Shop-Listing\app\src\Template\Layout\back_end.ctp, line 101]
Request URL: /admin/users
Referer URL: http://localhost:8765/admin/users/login
Trace:
Cake\Error\BaseErrorHandler::handleError() - CORE\src\Error\BaseErrorHandler.php, line 153
include - APP/Template\Layout\back_end.ctp, line 101
Cake\View\View::_evaluate() - CORE\src\View\View.php, line 1011
Cake\View\View::_render() - CORE\src\View\View.php, line 972
Cake\View\View::renderLayout() - CORE\src\View\View.php, line 643
Cake\View\View::render() - CORE\src\View\View.php, line 601
Cake\Controller\Controller::render() - CORE\src\Controller\Controller.php, line 623
Cake\Http\ActionDispatcher::_invoke() - CORE\src\Http\ActionDispatcher.php, line 125
Cake\Http\ActionDispatcher::dispatch() - CORE\src\Http\ActionDispatcher.php, line 93
Cake\Http\BaseApplication::__invoke() - CORE\src\Http\BaseApplication.php, line 78
Cake\Http\Runner::__invoke() - CORE\src\Http\Runner.php, line 65
Cake\Routing\Middleware\RoutingMiddleware::__invoke() - CORE\src\Routing\Middleware\RoutingMiddleware.php, line 59
Cake\Http\Runner::__invoke() - CORE\src\Http\Runner.php, line 65
Cake\Routing\Middleware\AssetMiddleware::__invoke() - CORE\src\Routing\Middleware\AssetMiddleware.php, line 88
Cake\Http\Runner::__invoke() - CORE\src\Http\Runner.php, line 65
Cake\Error\Middleware\ErrorHandlerMiddleware::__invoke() - CORE\src\Error\Middleware\ErrorHandlerMiddleware.php, line 92
Cake\Http\Runner::__invoke() - CORE\src\Http\Runner.php, line 65
Cake\Http\Runner::run() - CORE\src\Http\Runner.php, line 51
Cake\Http\Server::run() - CORE\src\Http\Server.php, line 80
[main] - ROOT\webroot\index.php, line 37



2017-05-23 09:51:33 Notice: Notice (8): Use of undefined constant BASE_URL - assumed 'BASE_URL' in [E:\CAKE PROJECT\Shop-Listing\app\src\Template\Layout\back_end.ctp, line 101]
Request URL: /admin/users
Referer URL: http://localhost:8765/admin/users/login
Trace:
Cake\Error\BaseErrorHandler::handleError() - CORE\src\Error\BaseErrorHandler.php, line 153
include - APP/Template\Layout\back_end.ctp, line 101
Cake\View\View::_evaluate() - CORE\src\View\View.php, line 1011
Cake\View\View::_render() - CORE\src\View\View.php, line 972
Cake\View\View::renderLayout() - CORE\src\View\View.php, line 643
Cake\View\View::render() - CORE\src\View\View.php, line 601
Cake\Controller\Controller::render() - CORE\src\Controller\Controller.php, line 623
Cake\Http\ActionDispatcher::_invoke() - CORE\src\Http\ActionDispatcher.php, line 125
Cake\Http\ActionDispatcher::dispatch() - CORE\src\Http\ActionDispatcher.php, line 93
Cake\Http\BaseApplication::__invoke() - CORE\src\Http\BaseApplication.php, line 78
Cake\Http\Runner::__invoke() - CORE\src\Http\Runner.php, line 65
Cake\Routing\Middleware\RoutingMiddleware::__invoke() - CORE\src\Routing\Middleware\RoutingMiddleware.php, line 59
Cake\Http\Runner::__invoke() - CORE\src\Http\Runner.php, line 65
Cake\Routing\Middleware\AssetMiddleware::__invoke() - CORE\src\Routing\Middleware\AssetMiddleware.php, line 88
Cake\Http\Runner::__invoke() - CORE\src\Http\Runner.php, line 65
Cake\Error\Middleware\ErrorHandlerMiddleware::__invoke() - CORE\src\Error\Middleware\ErrorHandlerMiddleware.php, line 92
Cake\Http\Runner::__invoke() - CORE\src\Http\Runner.php, line 65
Cake\Http\Runner::run() - CORE\src\Http\Runner.php, line 51
Cake\Http\Server::run() - CORE\src\Http\Server.php, line 80
[main] - ROOT\webroot\index.php, line 37



2017-05-23 09:51:52 Notice: Notice (8): Use of undefined constant BASE_URL - assumed 'BASE_URL' in [E:\CAKE PROJECT\Shop-Listing\app\src\Template\Layout\back_end.ctp, line 101]
Request URL: /admin/users
Referer URL: http://localhost:8765/admin/users/login
Trace:
Cake\Error\BaseErrorHandler::handleError() - CORE\src\Error\BaseErrorHandler.php, line 153
include - APP/Template\Layout\back_end.ctp, line 101
Cake\View\View::_evaluate() - CORE\src\View\View.php, line 1011
Cake\View\View::_render() - CORE\src\View\View.php, line 972
Cake\View\View::renderLayout() - CORE\src\View\View.php, line 643
Cake\View\View::render() - CORE\src\View\View.php, line 601
Cake\Controller\Controller::render() - CORE\src\Controller\Controller.php, line 623
Cake\Http\ActionDispatcher::_invoke() - CORE\src\Http\ActionDispatcher.php, line 125
Cake\Http\ActionDispatcher::dispatch() - CORE\src\Http\ActionDispatcher.php, line 93
Cake\Http\BaseApplication::__invoke() - CORE\src\Http\BaseApplication.php, line 78
Cake\Http\Runner::__invoke() - CORE\src\Http\Runner.php, line 65
Cake\Routing\Middleware\RoutingMiddleware::__invoke() - CORE\src\Routing\Middleware\RoutingMiddleware.php, line 59
Cake\Http\Runner::__invoke() - CORE\src\Http\Runner.php, line 65
Cake\Routing\Middleware\AssetMiddleware::__invoke() - CORE\src\Routing\Middleware\AssetMiddleware.php, line 88
Cake\Http\Runner::__invoke() - CORE\src\Http\Runner.php, line 65
Cake\Error\Middleware\ErrorHandlerMiddleware::__invoke() - CORE\src\Error\Middleware\ErrorHandlerMiddleware.php, line 92
Cake\Http\Runner::__invoke() - CORE\src\Http\Runner.php, line 65
Cake\Http\Runner::run() - CORE\src\Http\Runner.php, line 51
Cake\Http\Server::run() - CORE\src\Http\Server.php, line 80
[main] - ROOT\webroot\index.php, line 37



2017-05-23 09:53:49 Notice: Notice (8): Use of undefined constant BASE_URL - assumed 'BASE_URL' in [E:\CAKE PROJECT\Shop-Listing\app\src\Template\Layout\back_end.ctp, line 102]
Request URL: /admin/users
Referer URL: http://localhost:8765/admin/users/login
Trace:
Cake\Error\BaseErrorHandler::handleError() - CORE\src\Error\BaseErrorHandler.php, line 153
include - APP/Template\Layout\back_end.ctp, line 102
Cake\View\View::_evaluate() - CORE\src\View\View.php, line 1011
Cake\View\View::_render() - CORE\src\View\View.php, line 972
Cake\View\View::renderLayout() - CORE\src\View\View.php, line 643
Cake\View\View::render() - CORE\src\View\View.php, line 601
Cake\Controller\Controller::render() - CORE\src\Controller\Controller.php, line 623
Cake\Http\ActionDispatcher::_invoke() - CORE\src\Http\ActionDispatcher.php, line 125
Cake\Http\ActionDispatcher::dispatch() - CORE\src\Http\ActionDispatcher.php, line 93
Cake\Http\BaseApplication::__invoke() - CORE\src\Http\BaseApplication.php, line 78
Cake\Http\Runner::__invoke() - CORE\src\Http\Runner.php, line 65
Cake\Routing\Middleware\RoutingMiddleware::__invoke() - CORE\src\Routing\Middleware\RoutingMiddleware.php, line 59
Cake\Http\Runner::__invoke() - CORE\src\Http\Runner.php, line 65
Cake\Routing\Middleware\AssetMiddleware::__invoke() - CORE\src\Routing\Middleware\AssetMiddleware.php, line 88
Cake\Http\Runner::__invoke() - CORE\src\Http\Runner.php, line 65
Cake\Error\Middleware\ErrorHandlerMiddleware::__invoke() - CORE\src\Error\Middleware\ErrorHandlerMiddleware.php, line 92
Cake\Http\Runner::__invoke() - CORE\src\Http\Runner.php, line 65
Cake\Http\Runner::run() - CORE\src\Http\Runner.php, line 51
Cake\Http\Server::run() - CORE\src\Http\Server.php, line 80
[main] - ROOT\webroot\index.php, line 37



2017-05-23 09:54:30 Notice: Notice (8): Use of undefined constant BASE_URL - assumed 'BASE_URL' in [E:\CAKE PROJECT\Shop-Listing\app\src\Template\Layout\back_end.ctp, line 102]
Request URL: /admin/users
Referer URL: http://localhost:8765/admin/users/login
Trace:
Cake\Error\BaseErrorHandler::handleError() - CORE\src\Error\BaseErrorHandler.php, line 153
include - APP/Template\Layout\back_end.ctp, line 102
Cake\View\View::_evaluate() - CORE\src\View\View.php, line 1011
Cake\View\View::_render() - CORE\src\View\View.php, line 972
Cake\View\View::renderLayout() - CORE\src\View\View.php, line 643
Cake\View\View::render() - CORE\src\View\View.php, line 601
Cake\Controller\Controller::render() - CORE\src\Controller\Controller.php, line 623
Cake\Http\ActionDispatcher::_invoke() - CORE\src\Http\ActionDispatcher.php, line 125
Cake\Http\ActionDispatcher::dispatch() - CORE\src\Http\ActionDispatcher.php, line 93
Cake\Http\BaseApplication::__invoke() - CORE\src\Http\BaseApplication.php, line 78
Cake\Http\Runner::__invoke() - CORE\src\Http\Runner.php, line 65
Cake\Routing\Middleware\RoutingMiddleware::__invoke() - CORE\src\Routing\Middleware\RoutingMiddleware.php, line 59
Cake\Http\Runner::__invoke() - CORE\src\Http\Runner.php, line 65
Cake\Routing\Middleware\AssetMiddleware::__invoke() - CORE\src\Routing\Middleware\AssetMiddleware.php, line 88
Cake\Http\Runner::__invoke() - CORE\src\Http\Runner.php, line 65
Cake\Error\Middleware\ErrorHandlerMiddleware::__invoke() - CORE\src\Error\Middleware\ErrorHandlerMiddleware.php, line 92
Cake\Http\Runner::__invoke() - CORE\src\Http\Runner.php, line 65
Cake\Http\Runner::run() - CORE\src\Http\Runner.php, line 51
Cake\Http\Server::run() - CORE\src\Http\Server.php, line 80
[main] - ROOT\webroot\index.php, line 37



2017-05-23 09:56:48 Notice: Notice (8): Use of undefined constant BASE_URL - assumed 'BASE_URL' in [E:\CAKE PROJECT\Shop-Listing\app\src\Template\Layout\back_end.ctp, line 103]
Request URL: /admin/users
Referer URL: http://localhost:8765/admin/users/login
Trace:
Cake\Error\BaseErrorHandler::handleError() - CORE\src\Error\BaseErrorHandler.php, line 153
include - APP/Template\Layout\back_end.ctp, line 103
Cake\View\View::_evaluate() - CORE\src\View\View.php, line 1011
Cake\View\View::_render() - CORE\src\View\View.php, line 972
Cake\View\View::renderLayout() - CORE\src\View\View.php, line 643
Cake\View\View::render() - CORE\src\View\View.php, line 601
Cake\Controller\Controller::render() - CORE\src\Controller\Controller.php, line 623
Cake\Http\ActionDispatcher::_invoke() - CORE\src\Http\ActionDispatcher.php, line 125
Cake\Http\ActionDispatcher::dispatch() - CORE\src\Http\ActionDispatcher.php, line 93
Cake\Http\BaseApplication::__invoke() - CORE\src\Http\BaseApplication.php, line 78
Cake\Http\Runner::__invoke() - CORE\src\Http\Runner.php, line 65
Cake\Routing\Middleware\RoutingMiddleware::__invoke() - CORE\src\Routing\Middleware\RoutingMiddleware.php, line 59
Cake\Http\Runner::__invoke() - CORE\src\Http\Runner.php, line 65
Cake\Routing\Middleware\AssetMiddleware::__invoke() - CORE\src\Routing\Middleware\AssetMiddleware.php, line 88
Cake\Http\Runner::__invoke() - CORE\src\Http\Runner.php, line 65
Cake\Error\Middleware\ErrorHandlerMiddleware::__invoke() - CORE\src\Error\Middleware\ErrorHandlerMiddleware.php, line 92
Cake\Http\Runner::__invoke() - CORE\src\Http\Runner.php, line 65
Cake\Http\Runner::run() - CORE\src\Http\Runner.php, line 51
Cake\Http\Server::run() - CORE\src\Http\Server.php, line 80
[main] - ROOT\webroot\index.php, line 37



2017-05-23 09:59:00 Notice: Notice (8): Use of undefined constant BASE_URL - assumed 'BASE_URL' in [E:\CAKE PROJECT\Shop-Listing\app\src\Template\Layout\back_end.ctp, line 103]
Request URL: /admin/users
Referer URL: http://localhost:8765/admin/users/login
Trace:
Cake\Error\BaseErrorHandler::handleError() - CORE\src\Error\BaseErrorHandler.php, line 153
include - APP/Template\Layout\back_end.ctp, line 103
Cake\View\View::_evaluate() - CORE\src\View\View.php, line 1011
Cake\View\View::_render() - CORE\src\View\View.php, line 972
Cake\View\View::renderLayout() - CORE\src\View\View.php, line 643
Cake\View\View::render() - CORE\src\View\View.php, line 601
Cake\Controller\Controller::render() - CORE\src\Controller\Controller.php, line 623
Cake\Http\ActionDispatcher::_invoke() - CORE\src\Http\ActionDispatcher.php, line 125
Cake\Http\ActionDispatcher::dispatch() - CORE\src\Http\ActionDispatcher.php, line 93
Cake\Http\BaseApplication::__invoke() - CORE\src\Http\BaseApplication.php, line 78
Cake\Http\Runner::__invoke() - CORE\src\Http\Runner.php, line 65
Cake\Routing\Middleware\RoutingMiddleware::__invoke() - CORE\src\Routing\Middleware\RoutingMiddleware.php, line 59
Cake\Http\Runner::__invoke() - CORE\src\Http\Runner.php, line 65
Cake\Routing\Middleware\AssetMiddleware::__invoke() - CORE\src\Routing\Middleware\AssetMiddleware.php, line 88
Cake\Http\Runner::__invoke() - CORE\src\Http\Runner.php, line 65
Cake\Error\Middleware\ErrorHandlerMiddleware::__invoke() - CORE\src\Error\Middleware\ErrorHandlerMiddleware.php, line 92
Cake\Http\Runner::__invoke() - CORE\src\Http\Runner.php, line 65
Cake\Http\Runner::run() - CORE\src\Http\Runner.php, line 51
Cake\Http\Server::run() - CORE\src\Http\Server.php, line 80
[main] - ROOT\webroot\index.php, line 37



2017-05-23 10:05:28 Notice: Notice (8): Use of undefined constant BASE_URL - assumed 'BASE_URL' in [E:\CAKE PROJECT\Shop-Listing\app\src\Template\Layout\back_end.ctp, line 103]
Request URL: /admin/users
Referer URL: http://localhost:8765/admin/users/login
Trace:
Cake\Error\BaseErrorHandler::handleError() - CORE\src\Error\BaseErrorHandler.php, line 153
include - APP/Template\Layout\back_end.ctp, line 103
Cake\View\View::_evaluate() - CORE\src\View\View.php, line 1011
Cake\View\View::_render() - CORE\src\View\View.php, line 972
Cake\View\View::renderLayout() - CORE\src\View\View.php, line 643
Cake\View\View::render() - CORE\src\View\View.php, line 601
Cake\Controller\Controller::render() - CORE\src\Controller\Controller.php, line 623
Cake\Http\ActionDispatcher::_invoke() - CORE\src\Http\ActionDispatcher.php, line 125
Cake\Http\ActionDispatcher::dispatch() - CORE\src\Http\ActionDispatcher.php, line 93
Cake\Http\BaseApplication::__invoke() - CORE\src\Http\BaseApplication.php, line 78
Cake\Http\Runner::__invoke() - CORE\src\Http\Runner.php, line 65
Cake\Routing\Middleware\RoutingMiddleware::__invoke() - CORE\src\Routing\Middleware\RoutingMiddleware.php, line 59
Cake\Http\Runner::__invoke() - CORE\src\Http\Runner.php, line 65
Cake\Routing\Middleware\AssetMiddleware::__invoke() - CORE\src\Routing\Middleware\AssetMiddleware.php, line 88
Cake\Http\Runner::__invoke() - CORE\src\Http\Runner.php, line 65
Cake\Error\Middleware\ErrorHandlerMiddleware::__invoke() - CORE\src\Error\Middleware\ErrorHandlerMiddleware.php, line 92
Cake\Http\Runner::__invoke() - CORE\src\Http\Runner.php, line 65
Cake\Http\Runner::run() - CORE\src\Http\Runner.php, line 51
Cake\Http\Server::run() - CORE\src\Http\Server.php, line 80
[main] - ROOT\webroot\index.php, line 37



2017-05-23 10:06:03 Notice: Notice (8): Use of undefined constant BASE_URL - assumed 'BASE_URL' in [E:\CAKE PROJECT\Shop-Listing\app\src\Template\Layout\back_end.ctp, line 103]
Request URL: /admin/users
Referer URL: http://localhost:8765/admin/users
Trace:
Cake\Error\BaseErrorHandler::handleError() - CORE\src\Error\BaseErrorHandler.php, line 153
include - APP/Template\Layout\back_end.ctp, line 103
Cake\View\View::_evaluate() - CORE\src\View\View.php, line 1011
Cake\View\View::_render() - CORE\src\View\View.php, line 972
Cake\View\View::renderLayout() - CORE\src\View\View.php, line 643
Cake\View\View::render() - CORE\src\View\View.php, line 601
Cake\Controller\Controller::render() - CORE\src\Controller\Controller.php, line 623
Cake\Http\ActionDispatcher::_invoke() - CORE\src\Http\ActionDispatcher.php, line 125
Cake\Http\ActionDispatcher::dispatch() - CORE\src\Http\ActionDispatcher.php, line 93
Cake\Http\BaseApplication::__invoke() - CORE\src\Http\BaseApplication.php, line 78
Cake\Http\Runner::__invoke() - CORE\src\Http\Runner.php, line 65
Cake\Routing\Middleware\RoutingMiddleware::__invoke() - CORE\src\Routing\Middleware\RoutingMiddleware.php, line 59
Cake\Http\Runner::__invoke() - CORE\src\Http\Runner.php, line 65
Cake\Routing\Middleware\AssetMiddleware::__invoke() - CORE\src\Routing\Middleware\AssetMiddleware.php, line 88
Cake\Http\Runner::__invoke() - CORE\src\Http\Runner.php, line 65
Cake\Error\Middleware\ErrorHandlerMiddleware::__invoke() - CORE\src\Error\Middleware\ErrorHandlerMiddleware.php, line 92
Cake\Http\Runner::__invoke() - CORE\src\Http\Runner.php, line 65
Cake\Http\Runner::run() - CORE\src\Http\Runner.php, line 51
Cake\Http\Server::run() - CORE\src\Http\Server.php, line 80
[main] - ROOT\webroot\index.php, line 37



2017-05-23 10:06:07 Notice: Notice (8): Use of undefined constant BASE_URL - assumed 'BASE_URL' in [E:\CAKE PROJECT\Shop-Listing\app\src\Template\Layout\back_end.ctp, line 103]
Request URL: /admin/users
Referer URL: http://localhost:8765/admin/users
Trace:
Cake\Error\BaseErrorHandler::handleError() - CORE\src\Error\BaseErrorHandler.php, line 153
include - APP/Template\Layout\back_end.ctp, line 103
Cake\View\View::_evaluate() - CORE\src\View\View.php, line 1011
Cake\View\View::_render() - CORE\src\View\View.php, line 972
Cake\View\View::renderLayout() - CORE\src\View\View.php, line 643
Cake\View\View::render() - CORE\src\View\View.php, line 601
Cake\Controller\Controller::render() - CORE\src\Controller\Controller.php, line 623
Cake\Http\ActionDispatcher::_invoke() - CORE\src\Http\ActionDispatcher.php, line 125
Cake\Http\ActionDispatcher::dispatch() - CORE\src\Http\ActionDispatcher.php, line 93
Cake\Http\BaseApplication::__invoke() - CORE\src\Http\BaseApplication.php, line 78
Cake\Http\Runner::__invoke() - CORE\src\Http\Runner.php, line 65
Cake\Routing\Middleware\RoutingMiddleware::__invoke() - CORE\src\Routing\Middleware\RoutingMiddleware.php, line 59
Cake\Http\Runner::__invoke() - CORE\src\Http\Runner.php, line 65
Cake\Routing\Middleware\AssetMiddleware::__invoke() - CORE\src\Routing\Middleware\AssetMiddleware.php, line 88
Cake\Http\Runner::__invoke() - CORE\src\Http\Runner.php, line 65
Cake\Error\Middleware\ErrorHandlerMiddleware::__invoke() - CORE\src\Error\Middleware\ErrorHandlerMiddleware.php, line 92
Cake\Http\Runner::__invoke() - CORE\src\Http\Runner.php, line 65
Cake\Http\Runner::run() - CORE\src\Http\Runner.php, line 51
Cake\Http\Server::run() - CORE\src\Http\Server.php, line 80
[main] - ROOT\webroot\index.php, line 37



2017-05-23 10:09:01 Notice: Notice (8): Undefined variable: AUTH_ROLE in [E:\CAKE PROJECT\Shop-Listing\app\src\Template\Element\Admin\admin_menu.ctp, line 1]
Request URL: /admin/users
Referer URL: http://localhost:8765/admin/users
Trace:
Cake\Error\BaseErrorHandler::handleError() - CORE\src\Error\BaseErrorHandler.php, line 153
include - APP/Template\Element\Admin\admin_menu.ctp, line 1
Cake\View\View::_evaluate() - CORE\src\View\View.php, line 1011
Cake\View\View::_render() - CORE\src\View\View.php, line 972
Cake\View\View::_renderElement() - CORE\src\View\View.php, line 1358
Cake\View\View::element() - CORE\src\View\View.php, line 499
include - APP/Template\Layout\back_end.ctp, line 83
Cake\View\View::_evaluate() - CORE\src\View\View.php, line 1011
Cake\View\View::_render() - CORE\src\View\View.php, line 972
Cake\View\View::renderLayout() - CORE\src\View\View.php, line 643
Cake\View\View::render() - CORE\src\View\View.php, line 601
Cake\Controller\Controller::render() - CORE\src\Controller\Controller.php, line 623
Cake\Http\ActionDispatcher::_invoke() - CORE\src\Http\ActionDispatcher.php, line 125
Cake\Http\ActionDispatcher::dispatch() - CORE\src\Http\ActionDispatcher.php, line 93
Cake\Http\BaseApplication::__invoke() - CORE\src\Http\BaseApplication.php, line 78
Cake\Http\Runner::__invoke() - CORE\src\Http\Runner.php, line 65
Cake\Routing\Middleware\RoutingMiddleware::__invoke() - CORE\src\Routing\Middleware\RoutingMiddleware.php, line 59
Cake\Http\Runner::__invoke() - CORE\src\Http\Runner.php, line 65
Cake\Routing\Middleware\AssetMiddleware::__invoke() - CORE\src\Routing\Middleware\AssetMiddleware.php, line 88
Cake\Http\Runner::__invoke() - CORE\src\Http\Runner.php, line 65
Cake\Error\Middleware\ErrorHandlerMiddleware::__invoke() - CORE\src\Error\Middleware\ErrorHandlerMiddleware.php, line 92
Cake\Http\Runner::__invoke() - CORE\src\Http\Runner.php, line 65
Cake\Http\Runner::run() - CORE\src\Http\Runner.php, line 51
Cake\Http\Server::run() - CORE\src\Http\Server.php, line 80
[main] - ROOT\webroot\index.php, line 37



2017-05-23 10:09:01 Notice: Notice (8): Use of undefined constant BASE_URL - assumed 'BASE_URL' in [E:\CAKE PROJECT\Shop-Listing\app\src\Template\Layout\back_end.ctp, line 103]
Request URL: /admin/users
Referer URL: http://localhost:8765/admin/users
Trace:
Cake\Error\BaseErrorHandler::handleError() - CORE\src\Error\BaseErrorHandler.php, line 153
include - APP/Template\Layout\back_end.ctp, line 103
Cake\View\View::_evaluate() - CORE\src\View\View.php, line 1011
Cake\View\View::_render() - CORE\src\View\View.php, line 972
Cake\View\View::renderLayout() - CORE\src\View\View.php, line 643
Cake\View\View::render() - CORE\src\View\View.php, line 601
Cake\Controller\Controller::render() - CORE\src\Controller\Controller.php, line 623
Cake\Http\ActionDispatcher::_invoke() - CORE\src\Http\ActionDispatcher.php, line 125
Cake\Http\ActionDispatcher::dispatch() - CORE\src\Http\ActionDispatcher.php, line 93
Cake\Http\BaseApplication::__invoke() - CORE\src\Http\BaseApplication.php, line 78
Cake\Http\Runner::__invoke() - CORE\src\Http\Runner.php, line 65
Cake\Routing\Middleware\RoutingMiddleware::__invoke() - CORE\src\Routing\Middleware\RoutingMiddleware.php, line 59
Cake\Http\Runner::__invoke() - CORE\src\Http\Runner.php, line 65
Cake\Routing\Middleware\AssetMiddleware::__invoke() - CORE\src\Routing\Middleware\AssetMiddleware.php, line 88
Cake\Http\Runner::__invoke() - CORE\src\Http\Runner.php, line 65
Cake\Error\Middleware\ErrorHandlerMiddleware::__invoke() - CORE\src\Error\Middleware\ErrorHandlerMiddleware.php, line 92
Cake\Http\Runner::__invoke() - CORE\src\Http\Runner.php, line 65
Cake\Http\Runner::run() - CORE\src\Http\Runner.php, line 51
Cake\Http\Server::run() - CORE\src\Http\Server.php, line 80
[main] - ROOT\webroot\index.php, line 37



2017-05-23 10:10:06 Notice: Notice (8): Use of undefined constant BASE_URL - assumed 'BASE_URL' in [E:\CAKE PROJECT\Shop-Listing\app\src\Template\Layout\back_end.ctp, line 103]
Request URL: /admin/users
Referer URL: http://localhost:8765/admin/users
Trace:
Cake\Error\BaseErrorHandler::handleError() - CORE\src\Error\BaseErrorHandler.php, line 153
include - APP/Template\Layout\back_end.ctp, line 103
Cake\View\View::_evaluate() - CORE\src\View\View.php, line 1011
Cake\View\View::_render() - CORE\src\View\View.php, line 972
Cake\View\View::renderLayout() - CORE\src\View\View.php, line 643
Cake\View\View::render() - CORE\src\View\View.php, line 601
Cake\Controller\Controller::render() - CORE\src\Controller\Controller.php, line 623
Cake\Http\ActionDispatcher::_invoke() - CORE\src\Http\ActionDispatcher.php, line 125
Cake\Http\ActionDispatcher::dispatch() - CORE\src\Http\ActionDispatcher.php, line 93
Cake\Http\BaseApplication::__invoke() - CORE\src\Http\BaseApplication.php, line 78
Cake\Http\Runner::__invoke() - CORE\src\Http\Runner.php, line 65
Cake\Routing\Middleware\RoutingMiddleware::__invoke() - CORE\src\Routing\Middleware\RoutingMiddleware.php, line 59
Cake\Http\Runner::__invoke() - CORE\src\Http\Runner.php, line 65
Cake\Routing\Middleware\AssetMiddleware::__invoke() - CORE\src\Routing\Middleware\AssetMiddleware.php, line 88
Cake\Http\Runner::__invoke() - CORE\src\Http\Runner.php, line 65
Cake\Error\Middleware\ErrorHandlerMiddleware::__invoke() - CORE\src\Error\Middleware\ErrorHandlerMiddleware.php, line 92
Cake\Http\Runner::__invoke() - CORE\src\Http\Runner.php, line 65
Cake\Http\Runner::run() - CORE\src\Http\Runner.php, line 51
Cake\Http\Server::run() - CORE\src\Http\Server.php, line 80
[main] - ROOT\webroot\index.php, line 37



2017-05-23 10:11:09 Notice: Notice (8): Undefined variable: ROLE_USER in [E:\CAKE PROJECT\Shop-Listing\app\src\Template\Element\Admin\admin_menu.ctp, line 4]
Request URL: /admin/users
Referer URL: http://localhost:8765/admin/users
Trace:
Cake\Error\BaseErrorHandler::handleError() - CORE\src\Error\BaseErrorHandler.php, line 153
include - APP/Template\Element\Admin\admin_menu.ctp, line 4
Cake\View\View::_evaluate() - CORE\src\View\View.php, line 1011
Cake\View\View::_render() - CORE\src\View\View.php, line 972
Cake\View\View::_renderElement() - CORE\src\View\View.php, line 1358
Cake\View\View::element() - CORE\src\View\View.php, line 499
include - APP/Template\Layout\back_end.ctp, line 83
Cake\View\View::_evaluate() - CORE\src\View\View.php, line 1011
Cake\View\View::_render() - CORE\src\View\View.php, line 972
Cake\View\View::renderLayout() - CORE\src\View\View.php, line 643
Cake\View\View::render() - CORE\src\View\View.php, line 601
Cake\Controller\Controller::render() - CORE\src\Controller\Controller.php, line 623
Cake\Http\ActionDispatcher::_invoke() - CORE\src\Http\ActionDispatcher.php, line 125
Cake\Http\ActionDispatcher::dispatch() - CORE\src\Http\ActionDispatcher.php, line 93
Cake\Http\BaseApplication::__invoke() - CORE\src\Http\BaseApplication.php, line 78
Cake\Http\Runner::__invoke() - CORE\src\Http\Runner.php, line 65
Cake\Routing\Middleware\RoutingMiddleware::__invoke() - CORE\src\Routing\Middleware\RoutingMiddleware.php, line 59
Cake\Http\Runner::__invoke() - CORE\src\Http\Runner.php, line 65
Cake\Routing\Middleware\AssetMiddleware::__invoke() - CORE\src\Routing\Middleware\AssetMiddleware.php, line 88
Cake\Http\Runner::__invoke() - CORE\src\Http\Runner.php, line 65
Cake\Error\Middleware\ErrorHandlerMiddleware::__invoke() - CORE\src\Error\Middleware\ErrorHandlerMiddleware.php, line 92
Cake\Http\Runner::__invoke() - CORE\src\Http\Runner.php, line 65
Cake\Http\Runner::run() - CORE\src\Http\Runner.php, line 51
Cake\Http\Server::run() - CORE\src\Http\Server.php, line 80
[main] - ROOT\webroot\index.php, line 37



2017-05-23 10:11:09 Notice: Notice (8): Use of undefined constant BASE_URL - assumed 'BASE_URL' in [E:\CAKE PROJECT\Shop-Listing\app\src\Template\Layout\back_end.ctp, line 103]
Request URL: /admin/users
Referer URL: http://localhost:8765/admin/users
Trace:
Cake\Error\BaseErrorHandler::handleError() - CORE\src\Error\BaseErrorHandler.php, line 153
include - APP/Template\Layout\back_end.ctp, line 103
Cake\View\View::_evaluate() - CORE\src\View\View.php, line 1011
Cake\View\View::_render() - CORE\src\View\View.php, line 972
Cake\View\View::renderLayout() - CORE\src\View\View.php, line 643
Cake\View\View::render() - CORE\src\View\View.php, line 601
Cake\Controller\Controller::render() - CORE\src\Controller\Controller.php, line 623
Cake\Http\ActionDispatcher::_invoke() - CORE\src\Http\ActionDispatcher.php, line 125
Cake\Http\ActionDispatcher::dispatch() - CORE\src\Http\ActionDispatcher.php, line 93
Cake\Http\BaseApplication::__invoke() - CORE\src\Http\BaseApplication.php, line 78
Cake\Http\Runner::__invoke() - CORE\src\Http\Runner.php, line 65
Cake\Routing\Middleware\RoutingMiddleware::__invoke() - CORE\src\Routing\Middleware\RoutingMiddleware.php, line 59
Cake\Http\Runner::__invoke() - CORE\src\Http\Runner.php, line 65
Cake\Routing\Middleware\AssetMiddleware::__invoke() - CORE\src\Routing\Middleware\AssetMiddleware.php, line 88
Cake\Http\Runner::__invoke() - CORE\src\Http\Runner.php, line 65
Cake\Error\Middleware\ErrorHandlerMiddleware::__invoke() - CORE\src\Error\Middleware\ErrorHandlerMiddleware.php, line 92
Cake\Http\Runner::__invoke() - CORE\src\Http\Runner.php, line 65
Cake\Http\Runner::run() - CORE\src\Http\Runner.php, line 51
Cake\Http\Server::run() - CORE\src\Http\Server.php, line 80
[main] - ROOT\webroot\index.php, line 37



2017-05-23 10:11:39 Notice: Notice (8): Use of undefined constant BASE_URL - assumed 'BASE_URL' in [E:\CAKE PROJECT\Shop-Listing\app\src\Template\Layout\back_end.ctp, line 103]
Request URL: /admin/users
Referer URL: http://localhost:8765/admin/users
Trace:
Cake\Error\BaseErrorHandler::handleError() - CORE\src\Error\BaseErrorHandler.php, line 153
include - APP/Template\Layout\back_end.ctp, line 103
Cake\View\View::_evaluate() - CORE\src\View\View.php, line 1011
Cake\View\View::_render() - CORE\src\View\View.php, line 972
Cake\View\View::renderLayout() - CORE\src\View\View.php, line 643
Cake\View\View::render() - CORE\src\View\View.php, line 601
Cake\Controller\Controller::render() - CORE\src\Controller\Controller.php, line 623
Cake\Http\ActionDispatcher::_invoke() - CORE\src\Http\ActionDispatcher.php, line 125
Cake\Http\ActionDispatcher::dispatch() - CORE\src\Http\ActionDispatcher.php, line 93
Cake\Http\BaseApplication::__invoke() - CORE\src\Http\BaseApplication.php, line 78
Cake\Http\Runner::__invoke() - CORE\src\Http\Runner.php, line 65
Cake\Routing\Middleware\RoutingMiddleware::__invoke() - CORE\src\Routing\Middleware\RoutingMiddleware.php, line 59
Cake\Http\Runner::__invoke() - CORE\src\Http\Runner.php, line 65
Cake\Routing\Middleware\AssetMiddleware::__invoke() - CORE\src\Routing\Middleware\AssetMiddleware.php, line 88
Cake\Http\Runner::__invoke() - CORE\src\Http\Runner.php, line 65
Cake\Error\Middleware\ErrorHandlerMiddleware::__invoke() - CORE\src\Error\Middleware\ErrorHandlerMiddleware.php, line 92
Cake\Http\Runner::__invoke() - CORE\src\Http\Runner.php, line 65
Cake\Http\Runner::run() - CORE\src\Http\Runner.php, line 51
Cake\Http\Server::run() - CORE\src\Http\Server.php, line 80
[main] - ROOT\webroot\index.php, line 37



2017-05-23 10:12:39 Notice: Notice (8): Use of undefined constant BASE_URL - assumed 'BASE_URL' in [E:\CAKE PROJECT\Shop-Listing\app\src\Template\Layout\back_end.ctp, line 103]
Request URL: /admin/users
Referer URL: http://localhost:8765/admin/users
Trace:
Cake\Error\BaseErrorHandler::handleError() - CORE\src\Error\BaseErrorHandler.php, line 153
include - APP/Template\Layout\back_end.ctp, line 103
Cake\View\View::_evaluate() - CORE\src\View\View.php, line 1011
Cake\View\View::_render() - CORE\src\View\View.php, line 972
Cake\View\View::renderLayout() - CORE\src\View\View.php, line 643
Cake\View\View::render() - CORE\src\View\View.php, line 601
Cake\Controller\Controller::render() - CORE\src\Controller\Controller.php, line 623
Cake\Http\ActionDispatcher::_invoke() - CORE\src\Http\ActionDispatcher.php, line 125
Cake\Http\ActionDispatcher::dispatch() - CORE\src\Http\ActionDispatcher.php, line 93
Cake\Http\BaseApplication::__invoke() - CORE\src\Http\BaseApplication.php, line 78
Cake\Http\Runner::__invoke() - CORE\src\Http\Runner.php, line 65
Cake\Routing\Middleware\RoutingMiddleware::__invoke() - CORE\src\Routing\Middleware\RoutingMiddleware.php, line 59
Cake\Http\Runner::__invoke() - CORE\src\Http\Runner.php, line 65
Cake\Routing\Middleware\AssetMiddleware::__invoke() - CORE\src\Routing\Middleware\AssetMiddleware.php, line 88
Cake\Http\Runner::__invoke() - CORE\src\Http\Runner.php, line 65
Cake\Error\Middleware\ErrorHandlerMiddleware::__invoke() - CORE\src\Error\Middleware\ErrorHandlerMiddleware.php, line 92
Cake\Http\Runner::__invoke() - CORE\src\Http\Runner.php, line 65
Cake\Http\Runner::run() - CORE\src\Http\Runner.php, line 51
Cake\Http\Server::run() - CORE\src\Http\Server.php, line 80
[main] - ROOT\webroot\index.php, line 37



2017-05-23 10:12:48 Notice: Notice (8): Use of undefined constant BASE_URL - assumed 'BASE_URL' in [E:\CAKE PROJECT\Shop-Listing\app\src\Template\Layout\back_end.ctp, line 103]
Request URL: /admin/users
Referer URL: http://localhost:8765/admin/users
Trace:
Cake\Error\BaseErrorHandler::handleError() - CORE\src\Error\BaseErrorHandler.php, line 153
include - APP/Template\Layout\back_end.ctp, line 103
Cake\View\View::_evaluate() - CORE\src\View\View.php, line 1011
Cake\View\View::_render() - CORE\src\View\View.php, line 972
Cake\View\View::renderLayout() - CORE\src\View\View.php, line 643
Cake\View\View::render() - CORE\src\View\View.php, line 601
Cake\Controller\Controller::render() - CORE\src\Controller\Controller.php, line 623
Cake\Http\ActionDispatcher::_invoke() - CORE\src\Http\ActionDispatcher.php, line 125
Cake\Http\ActionDispatcher::dispatch() - CORE\src\Http\ActionDispatcher.php, line 93
Cake\Http\BaseApplication::__invoke() - CORE\src\Http\BaseApplication.php, line 78
Cake\Http\Runner::__invoke() - CORE\src\Http\Runner.php, line 65
Cake\Routing\Middleware\RoutingMiddleware::__invoke() - CORE\src\Routing\Middleware\RoutingMiddleware.php, line 59
Cake\Http\Runner::__invoke() - CORE\src\Http\Runner.php, line 65
Cake\Routing\Middleware\AssetMiddleware::__invoke() - CORE\src\Routing\Middleware\AssetMiddleware.php, line 88
Cake\Http\Runner::__invoke() - CORE\src\Http\Runner.php, line 65
Cake\Error\Middleware\ErrorHandlerMiddleware::__invoke() - CORE\src\Error\Middleware\ErrorHandlerMiddleware.php, line 92
Cake\Http\Runner::__invoke() - CORE\src\Http\Runner.php, line 65
Cake\Http\Runner::run() - CORE\src\Http\Runner.php, line 51
Cake\Http\Server::run() - CORE\src\Http\Server.php, line 80
[main] - ROOT\webroot\index.php, line 37



